#
# There is insufficient memory for the Java Runtime Environment to continue.
# Native memory allocation (malloc) failed to allocate 1048576 bytes for AllocateHeap
# Possible reasons:
#   The system is out of physical RAM or swap space
#   In 32 bit mode, the process size limit was hit
# Possible solutions:
#   Reduce memory load on the system
#   Increase physical memory or swap space
#   Check if swap backing store is full
#   Use 64 bit Java on a 64 bit OS
#   Decrease Java heap size (-Xmx/-Xms)
#   Decrease number of Java threads
#   Decrease Java thread stack sizes (-Xss)
#   Set larger code cache with -XX:ReservedCodeCacheSize=
# This output file may be truncated or incomplete.
#
#  Out of Memory Error (memory/allocation.inline.hpp:61), pid=19380, tid=0x0000000000002488
#
# JRE version:  (8.0_191-b12) (build )
# Java VM: Java HotSpot(TM) 64-Bit Server VM (25.191-b12 mixed mode windows-amd64 compressed oops)
# Failed to write core dump. Minidumps are not enabled by default on client versions of Windows
#

---------------  T H R E A D  ---------------

Current thread (0x0000000002953800):  JavaThread "Unknown thread" [_thread_in_vm, id=9352, stack(0x0000000002630000,0x0000000002730000)]

Stack: [0x0000000002630000,0x0000000002730000]
[error occurred during error reporting (printing stack bounds), id 0xc0000005]

Native frames: (J=compiled Java code, j=interpreted, Vv=VM code, C=native code)


---------------  P R O C E S S  ---------------

Java Threads: ( => current thread )

Other Threads:

=>0x0000000002953800 (exited) JavaThread "Unknown thread" [_thread_in_vm, id=9352, stack(0x0000000002630000,0x0000000002730000)]

VM state:not at safepoint (normal execution)

VM Mutex/Monitor currently owned by a thread: None

Heap:
 PSYoungGen      total 76288K, used 1310K [0x000000076b500000, 0x0000000770a00000, 0x00000007c0000000)
  eden space 65536K, 2% used [0x000000076b500000,0x000000076b647af0,0x000000076f500000)
  from space 10752K, 0% used [0x000000076ff80000,0x000000076ff80000,0x0000000770a00000)
  to   space 10752K, 0% used [0x000000076f500000,0x000000076f500000,0x000000076ff80000)
 ParOldGen       total 175104K, used 0K [0x00000006c1e00000, 0x00000006cc900000, 0x000000076b500000)
  object space 175104K, 0% used [0x00000006c1e00000,0x00000006c1e00000,0x00000006cc900000)
 Metaspace       used 775K, capacity 4480K, committed 4480K, reserved 1056768K
  class space    used 76K, capacity 384K, committed 384K, reserved 1048576K

Card table byte_map: [0x0000000011e10000,0x0000000012610000] byte_map_base: 0x000000000e801000

Marking Bits: (ParMarkBitMap*) 0x0000000055363e30
 Begin Bits: [0x0000000012f60000, 0x0000000016ee8000)
 End Bits:   [0x0000000016ee8000, 0x000000001ae70000)

Polling page: 0x0000000000c80000

CodeCache: size=245760Kb used=328Kb max_used=328Kb free=245431Kb
 bounds [0x0000000002a50000, 0x0000000002cc0000, 0x0000000011a50000]
 total_blobs=58 nmethods=0 adapters=38
 compilation: enabled

Compilation events (0 events):
No events

GC Heap History (0 events):
No events

Deoptimization events (0 events):
No events

Classes redefined (0 events):
No events

Internal exceptions (0 events):
No events

Events (10 events):
Event: 0.225 loading class java/lang/Short
Event: 0.225 loading class java/lang/Short done
Event: 0.225 loading class java/lang/Integer
Event: 0.225 loading class java/lang/Integer done
Event: 0.225 loading class java/lang/Long
Event: 0.226 loading class java/lang/Long done
Event: 0.304 loading class java/lang/NullPointerException
Event: 0.312 loading class java/lang/NullPointerException done
Event: 0.312 loading class java/lang/ArithmeticException
Event: 0.312 loading class java/lang/ArithmeticException done


Dynamic libraries:
0x00007ff7817e0000 - 0x00007ff781817000 	C:\Program Files\Java\jdk1.8.0_191\bin\java.exe
0x00007ffe0a940000 - 0x00007ffe0ab21000 	C:\WINDOWS\SYSTEM32\ntdll.dll
0x00007ffe08160000 - 0x00007ffe08212000 	C:\WINDOWS\System32\KERNEL32.DLL
0x00007ffe074a0000 - 0x00007ffe07713000 	C:\WINDOWS\System32\KERNELBASE.dll
0x00007ffe089c0000 - 0x00007ffe08a61000 	C:\WINDOWS\System32\ADVAPI32.dll
0x00007ffe083c0000 - 0x00007ffe0845e000 	C:\WINDOWS\System32\msvcrt.dll
0x00007ffe0a7b0000 - 0x00007ffe0a80b000 	C:\WINDOWS\System32\sechost.dll
0x00007ffe08220000 - 0x00007ffe08344000 	C:\WINDOWS\System32\RPCRT4.dll
0x00007ffe08460000 - 0x00007ffe085f0000 	C:\WINDOWS\System32\USER32.dll
0x00007ffe07720000 - 0x00007ffe07740000 	C:\WINDOWS\System32\win32u.dll
0x00007ffe08830000 - 0x00007ffe08858000 	C:\WINDOWS\System32\GDI32.dll
0x00007ffe07b20000 - 0x00007ffe07cb2000 	C:\WINDOWS\System32\gdi32full.dll
0x00007ffe07890000 - 0x00007ffe0792f000 	C:\WINDOWS\System32\msvcp_win.dll
0x00007ffe07740000 - 0x00007ffe0783a000 	C:\WINDOWS\System32\ucrtbase.dll
0x00007ffdf98e0000 - 0x00007ffdf9b49000 	C:\WINDOWS\WinSxS\amd64_microsoft.windows.common-controls_6595b64144ccf1df_6.0.17134.407_none_fb449d63306391e9\COMCTL32.dll
0x00007ffe0a380000 - 0x00007ffe0a6a2000 	C:\WINDOWS\System32\combase.dll
0x00007ffe07420000 - 0x00007ffe0749a000 	C:\WINDOWS\System32\bcryptPrimitives.dll
0x00007ffe0a780000 - 0x00007ffe0a7ad000 	C:\WINDOWS\System32\IMM32.DLL
0x00000000553f0000 - 0x00000000554c2000 	C:\Program Files\Java\jdk1.8.0_191\jre\bin\msvcr100.dll
0x0000000054b40000 - 0x00000000553e4000 	C:\Program Files\Java\jdk1.8.0_191\jre\bin\server\jvm.dll
0x00007ffe083b0000 - 0x00007ffe083b8000 	C:\WINDOWS\System32\PSAPI.DLL
0x00007ffddf0b0000 - 0x00007ffddf0b9000 	C:\WINDOWS\SYSTEM32\WSOCK32.dll
0x00007ffe09eb0000 - 0x00007ffe09f1c000 	C:\WINDOWS\System32\WS2_32.dll
0x00007ffe04ee0000 - 0x00007ffe04f03000 	C:\WINDOWS\SYSTEM32\WINMM.dll
0x00007ffdff8f0000 - 0x00007ffdff8fa000 	C:\WINDOWS\SYSTEM32\VERSION.dll
0x00007ffe04e90000 - 0x00007ffe04eba000 	C:\WINDOWS\SYSTEM32\WINMMBASE.dll
0x00007ffe07840000 - 0x00007ffe07889000 	C:\WINDOWS\System32\cfgmgr32.dll
0x0000000054b30000 - 0x0000000054b3f000 	C:\Program Files\Java\jdk1.8.0_191\jre\bin\verify.dll
0x0000000054b00000 - 0x0000000054b29000 	C:\Program Files\Java\jdk1.8.0_191\jre\bin\java.dll
0x0000000054ab0000 - 0x0000000054ad3000 	C:\Program Files\Java\jdk1.8.0_191\jre\bin\instrument.dll
0x0000000054ae0000 - 0x0000000054af6000 	C:\Program Files\Java\jdk1.8.0_191\jre\bin\zip.dll

VM Arguments:
jvm_args: -ea -Didea.test.cyclic.buffer.size=1048576 -javaagent:C:\Program Files\JetBrains\IntelliJ IDEA Community Edition 2018.3.1\lib\idea_rt.jar=58247:C:\Program Files\JetBrains\IntelliJ IDEA Community Edition 2018.3.1\bin -Dfile.encoding=UTF-8 
java_command: com.intellij.rt.execution.junit.JUnitStarter -ideVersion5 -junit4 MainTest,MyFirstTest
java_class_path (initial): C:\Program Files\JetBrains\IntelliJ IDEA Community Edition 2018.3.1\lib\idea_rt.jar;C:\Program Files\JetBrains\IntelliJ IDEA Community Edition 2018.3.1\plugins\junit\lib\junit-rt.jar;C:\Program Files\JetBrains\IntelliJ IDEA Community Edition 2018.3.1\plugins\junit\lib\junit5-rt.jar;C:\Program Files\Java\jdk1.8.0_191\jre\lib\charsets.jar;C:\Program Files\Java\jdk1.8.0_191\jre\lib\deploy.jar;C:\Program Files\Java\jdk1.8.0_191\jre\lib\ext\access-bridge-64.jar;C:\Program Files\Java\jdk1.8.0_191\jre\lib\ext\cldrdata.jar;C:\Program Files\Java\jdk1.8.0_191\jre\lib\ext\dnsns.jar;C:\Program Files\Java\jdk1.8.0_191\jre\lib\ext\jaccess.jar;C:\Program Files\Java\jdk1.8.0_191\jre\lib\ext\jfxrt.jar;C:\Program Files\Java\jdk1.8.0_191\jre\lib\ext\localedata.jar;C:\Program Files\Java\jdk1.8.0_191\jre\lib\ext\nashorn.jar;C:\Program Files\Java\jdk1.8.0_191\jre\lib\ext\sunec.jar;C:\Program Files\Java\jdk1.8.0_191\jre\lib\ext\sunjce_provider.jar;C:\Program Files\Java\jdk1.8.0_191\jre\lib\ext\sunmscapi.jar;C:\Program Files\Java\jdk1.8.0_191\jre\lib\ext\sunpkcs11.jar;C:\Program Files\Java\jdk1.8.0_191\jre\lib\ext\zipfs.jar;C:\Program Files\Java\jdk1.8.0_191\jre\lib\javaws.jar;C:\Program Files\Java\jdk1.8.0_191\jre\lib\jce.jar;C:\Program Files\Java\jdk1.8.0_191\jre\lib\jfr.jar;C:\Program Files\Java\jdk1.8.0_191\jre\lib\jfxswt.jar;C:\Program Files\Java\jdk1.8.0_191\jre\lib\jsse.jar;C:\Program Files\Java\jdk1.8.0_191\jre\lib\management-agent.jar;C:\Program Files\Java\jdk1.8.0_191\jre\lib\plugin.jar;C:\Program Files\Java\jdk1.8.0_191\jre\lib\resources.jar;C:\Program Files\Java\jdk1.8.0_191\jre\lib\rt.jar;E:\D\курсы\автоматизация\Автоматизатор мобильных приложений\0. Введение в Java и JUnit\JavaAppiumAutomation\out\production\JavaAppiumAutomation;C:\Users\smirnova\.m2\repository\junit\junit\4.12\junit-4.12.jar;C:\Users\smirnova\.m2\repository\org\hamcrest\hamcrest-core\1.3\hamcrest-core-1.3.jar;C:\Program Files\JetBrains\IntelliJ IDEA Community Edition 2018.3.1\lib
Launcher Type: SUN_STANDARD

Environment Variables:
JAVA_HOME=C:\Program Files\Java\jdk1.8.0_191
PATH=C:\Program Files (x86)\Common Files\Oracle\Java\javapath;C:\WINDOWS\system32;C:\WINDOWS;C:\WINDOWS\System32\Wbem;C:\WINDOWS\System32\WindowsPowerShell\v1.0\;C:\WINDOWS\System32\OpenSSH\;C:\WINDOWS\CCM;C:\WINDOWS\CCM;C:\WINDOWS\CCM;C:\WINDOWS\CCM;C:\WINDOWS\CCM;C:\WINDOWS\CCM;C:\WINDOWS\CCM;C:\WINDOWS\CCM;C:\WINDOWS\CCM;C:\WINDOWS\CCM;C:\WINDOWS\CCM;C:\WINDOWS\CCM;C:\WINDOWS\CCM;C:\WINDOWS\CCM;C:\WINDOWS\CCM;C:\Program Files\dotnet\;C:\Program Files\Microsoft SQL Server\130\Tools\Binn\;C:\Program Files (x86)\Microsoft SQL Server\Client SDK\ODBC\130\Tools\Binn\;C:\Program Files (x86)\Microsoft SQL Server\130\Tools\Binn\;C:\Program Files (x86)\Microsoft SQL Server\130\DTS\Binn\;C:\Program Files (x86)\Microsoft SQL Server\130\Tools\Binn\ManagementStudio\;JAVA_HOME;C:\Users\smirnova\AppData\Local\Microsoft\WindowsApps;
USERNAME=SmirnovA
OS=Windows_NT
PROCESSOR_IDENTIFIER=Intel64 Family 6 Model 60 Stepping 3, GenuineIntel



---------------  S Y S T E M  ---------------

OS: Windows 10.0 , 64 bit Build 17134 (10.0.17134.1)

CPU:total 4 (initial active 4) (2 cores per cpu, 2 threads per core) family 6 model 60 stepping 3, cmov, cx8, fxsr, mmx, sse, sse2, sse3, ssse3, sse4.1, sse4.2, popcnt, avx, avx2, aes, clmul, erms, lzcnt, ht, tsc, tscinvbit, bmi1, bmi2

Memory: 4k page, physical 16651468k(3570528k free), swap 31113800k(4052k free)

vm_info: Java HotSpot(TM) 64-Bit Server VM (25.191-b12) for windows-amd64 JRE (1.8.0_191-b12), built on Oct  6 2018 09:29:03 by "java_re" with MS VC++ 10.0 (VS2010)

time: Wed Dec 05 23:16:21 2018
elapsed time: 0 seconds (0d 0h 0m 0s)

